
API: SYSTEM()
Time: 01:41:06 JST 01/07/2024
DeploymentID: 70b4726a-1cf0-4c0e-96b6-0e670e547bc8
Error:  (cmd.NotImplemented)
       2: /go/pkg/mod/storj.io/minio@v0.0.0-20230627070725-370d887aacde/cmd/bucket-policy.go:53:cmd.(*PolicySys).IsAllowed()
       1: /go/pkg/mod/storj.io/minio@v0.0.0-20230627070725-370d887aacde/cmd/web-handlers.go:382:cmd.(*webAPIHandlers).ListObjects()

API: SYSTEM()
Time: 01:41:06 JST 01/07/2024
DeploymentID: 70b4726a-1cf0-4c0e-96b6-0e670e547bc8
Error:  (cmd.NotImplemented)
       2: /go/pkg/mod/storj.io/minio@v0.0.0-20230627070725-370d887aacde/cmd/bucket-policy.go:53:cmd.(*PolicySys).IsAllowed()
       1: /go/pkg/mod/storj.io/minio@v0.0.0-20230627070725-370d887aacde/cmd/web-handlers.go:390:cmd.(*webAPIHandlers).ListObjects()

API: SYSTEM()
Time: 16:28:01 JST 01/09/2024
DeploymentID: 70b4726a-1cf0-4c0e-96b6-0e670e547bc8
Error:  (cmd.NotImplemented)
       2: /go/pkg/mod/storj.io/minio@v0.0.0-20230627070725-370d887aacde/cmd/bucket-policy.go:53:cmd.(*PolicySys).IsAllowed()
       1: /go/pkg/mod/storj.io/minio@v0.0.0-20230627070725-370d887aacde/cmd/web-handlers.go:382:cmd.(*webAPIHandlers).ListObjects()

API: SYSTEM()
Time: 16:28:01 JST 01/09/2024
DeploymentID: 70b4726a-1cf0-4c0e-96b6-0e670e547bc8
Error:  (cmd.NotImplemented)
       2: /go/pkg/mod/storj.io/minio@v0.0.0-20230627070725-370d887aacde/cmd/bucket-policy.go:53:cmd.(*PolicySys).IsAllowed()
       1: /go/pkg/mod/storj.io/minio@v0.0.0-20230627070725-370d887aacde/cmd/web-handlers.go:390:cmd.(*webAPIHandlers).ListObjects()

API: SYSTEM()
Time: 13:32:20 JST 01/18/2024
DeploymentID: 54418dbd-257d-4ce7-af3f-db7f50ce85bd
Error:  (cmd.NotImplemented)
       2: /go/pkg/mod/storj.io/minio@v0.0.0-20230627070725-370d887aacde/cmd/bucket-policy.go:53:cmd.(*PolicySys).IsAllowed()
       1: /go/pkg/mod/storj.io/minio@v0.0.0-20230627070725-370d887aacde/cmd/web-handlers.go:382:cmd.(*webAPIHandlers).ListObjects()

API: SYSTEM()
Time: 13:32:20 JST 01/18/2024
DeploymentID: 54418dbd-257d-4ce7-af3f-db7f50ce85bd
Error:  (cmd.NotImplemented)
       2: /go/pkg/mod/storj.io/minio@v0.0.0-20230627070725-370d887aacde/cmd/bucket-policy.go:53:cmd.(*PolicySys).IsAllowed()
       1: /go/pkg/mod/storj.io/minio@v0.0.0-20230627070725-370d887aacde/cmd/web-handlers.go:390:cmd.(*webAPIHandlers).ListObjects()
