20388:C 11 Dec 2023 03:29:10.113 * oO0OoO0OoO0Oo Redis is starting oO0OoO0OoO0Oo
20388:C 11 Dec 2023 03:29:10.113 * Redis version=7.2.3, bits=64, commit=00000000, modified=0, pid=20388, just started
20388:C 11 Dec 2023 03:29:10.113 * Configuration loaded
20388:M 11 Dec 2023 03:29:10.114 * Increased maximum number of open files to 10032 (it was originally set to 256).
20388:M 11 Dec 2023 03:29:10.114 * monotonic clock: POSIX clock_gettime
20388:M 11 Dec 2023 03:29:10.115 * Running mode=standalone, port=10004.
20388:M 11 Dec 2023 03:29:10.115 # WARNING: The TCP backlog setting of 511 cannot be enforced because kern.ipc.somaxconn is set to the lower value of 128.
20388:M 11 Dec 2023 03:29:10.115 * Server initialized
20388:M 11 Dec 2023 03:29:10.116 * Ready to accept connections tcp
20388:M 11 Dec 2023 04:33:09.170 * 1 changes in 3600 seconds. Saving...
20388:M 11 Dec 2023 04:33:09.176 * Background saving started by pid 20749
20749:C 11 Dec 2023 04:33:09.551 * DB saved on disk
20749:C 11 Dec 2023 04:33:09.552 * Fork CoW for RDB: current 0 MB, peak 0 MB, average 0 MB
20388:M 11 Dec 2023 04:33:09.581 * Background saving terminated with success
20388:M 11 Dec 2023 05:48:20.170 * 1 changes in 3600 seconds. Saving...
20388:M 11 Dec 2023 05:48:20.172 * Background saving started by pid 20917
20917:C 11 Dec 2023 05:48:20.553 * DB saved on disk
20917:C 11 Dec 2023 05:48:20.555 * Fork CoW for RDB: current 0 MB, peak 0 MB, average 0 MB
20388:M 11 Dec 2023 05:48:20.577 * Background saving terminated with success
20388:M 11 Dec 2023 07:40:52.172 * 1 changes in 3600 seconds. Saving...
20388:M 11 Dec 2023 07:40:52.176 * Background saving started by pid 20974
20974:C 11 Dec 2023 07:40:52.558 * DB saved on disk
20974:C 11 Dec 2023 07:40:52.561 * Fork CoW for RDB: current 0 MB, peak 0 MB, average 0 MB
20388:M 11 Dec 2023 07:40:52.577 * Background saving terminated with success
20388:M 11 Dec 2023 09:18:44.272 * 1 changes in 3600 seconds. Saving...
20388:M 11 Dec 2023 09:18:44.280 * Background saving started by pid 21064
21064:C 11 Dec 2023 09:18:44.654 * DB saved on disk
21064:C 11 Dec 2023 09:18:44.655 * Fork CoW for RDB: current 0 MB, peak 0 MB, average 0 MB
20388:M 11 Dec 2023 09:18:44.683 * Background saving terminated with success
20388:M 11 Dec 2023 10:22:17.068 * 1 changes in 3600 seconds. Saving...
20388:M 11 Dec 2023 10:22:17.189 * Background saving started by pid 21143
21143:C 11 Dec 2023 10:22:17.315 * DB saved on disk
21143:C 11 Dec 2023 10:22:17.415 * Fork CoW for RDB: current 0 MB, peak 0 MB, average 0 MB
20388:M 11 Dec 2023 10:22:17.515 * Background saving terminated with success
20388:M 11 Dec 2023 10:47:10.318 * 100 changes in 300 seconds. Saving...
20388:M 11 Dec 2023 10:47:10.319 * Background saving started by pid 21615
21615:C 11 Dec 2023 10:47:10.340 * DB saved on disk
21615:C 11 Dec 2023 10:47:10.342 * Fork CoW for RDB: current 0 MB, peak 0 MB, average 0 MB
20388:M 11 Dec 2023 10:47:10.419 * Background saving terminated with success
21744:C 11 Dec 2023 10:53:51.794 * oO0OoO0OoO0Oo Redis is starting oO0OoO0OoO0Oo
21744:C 11 Dec 2023 10:53:51.794 * Redis version=7.2.3, bits=64, commit=00000000, modified=0, pid=21744, just started
21744:C 11 Dec 2023 10:53:51.794 * Configuration loaded
21744:M 11 Dec 2023 10:53:51.796 * Increased maximum number of open files to 10032 (it was originally set to 256).
21744:M 11 Dec 2023 10:53:51.796 * monotonic clock: POSIX clock_gettime
21744:M 11 Dec 2023 10:53:51.797 * Running mode=standalone, port=10004.
21744:M 11 Dec 2023 10:53:51.797 # WARNING: The TCP backlog setting of 511 cannot be enforced because kern.ipc.somaxconn is set to the lower value of 128.
21744:M 11 Dec 2023 10:53:51.797 # Warning: Could not create server TCP listening socket 127.0.0.1:10004: bind: Address already in use
21744:M 11 Dec 2023 10:53:51.797 # Failed listening on port 10004 (tcp), aborting.
20388:M 11 Dec 2023 11:12:10.325 * 100 changes in 300 seconds. Saving...
20388:M 11 Dec 2023 11:12:10.326 * Background saving started by pid 21968
21968:C 11 Dec 2023 11:12:10.348 * DB saved on disk
21968:C 11 Dec 2023 11:12:10.349 * Fork CoW for RDB: current 0 MB, peak 0 MB, average 0 MB
20388:M 11 Dec 2023 11:12:10.427 * Background saving terminated with success
20388:M 11 Dec 2023 12:32:58.607 * 1 changes in 3600 seconds. Saving...
20388:M 11 Dec 2023 12:32:58.623 * Background saving started by pid 22125
22125:C 11 Dec 2023 12:32:59.001 * DB saved on disk
22125:C 11 Dec 2023 12:32:59.005 * Fork CoW for RDB: current 0 MB, peak 0 MB, average 0 MB
20388:M 11 Dec 2023 12:32:59.025 * Background saving terminated with success
20388:M 11 Dec 2023 13:02:54.202 * 100 changes in 300 seconds. Saving...
20388:M 11 Dec 2023 13:02:54.203 * Background saving started by pid 22510
22510:C 11 Dec 2023 13:02:54.224 * DB saved on disk
22510:C 11 Dec 2023 13:02:54.225 * Fork CoW for RDB: current 0 MB, peak 0 MB, average 0 MB
20388:M 11 Dec 2023 13:02:54.303 * Background saving terminated with success
20388:M 11 Dec 2023 13:27:54.116 * 100 changes in 300 seconds. Saving...
20388:M 11 Dec 2023 13:27:54.117 * Background saving started by pid 22870
22870:C 11 Dec 2023 13:27:54.138 * DB saved on disk
22870:C 11 Dec 2023 13:27:54.139 * Fork CoW for RDB: current 0 MB, peak 0 MB, average 0 MB
20388:M 11 Dec 2023 13:27:54.218 * Background saving terminated with success
20388:M 11 Dec 2023 14:06:39.856 * 100 changes in 300 seconds. Saving...
20388:M 11 Dec 2023 14:06:39.857 * Background saving started by pid 23355
23355:C 11 Dec 2023 14:06:39.883 * DB saved on disk
23355:C 11 Dec 2023 14:06:39.884 * Fork CoW for RDB: current 0 MB, peak 0 MB, average 0 MB
20388:M 11 Dec 2023 14:06:39.958 * Background saving terminated with success
51940:C 17 Dec 2023 01:16:45.191 * oO0OoO0OoO0Oo Redis is starting oO0OoO0OoO0Oo
51940:C 17 Dec 2023 01:16:45.191 * Redis version=7.2.3, bits=64, commit=00000000, modified=0, pid=51940, just started
51940:C 17 Dec 2023 01:16:45.191 * Configuration loaded
51940:M 17 Dec 2023 01:16:45.193 * Increased maximum number of open files to 10032 (it was originally set to 8192).
51940:M 17 Dec 2023 01:16:45.193 * monotonic clock: POSIX clock_gettime
51940:M 17 Dec 2023 01:16:45.193 * Running mode=standalone, port=10004.
51940:M 17 Dec 2023 01:16:45.193 # WARNING: The TCP backlog setting of 511 cannot be enforced because kern.ipc.somaxconn is set to the lower value of 128.
51940:M 17 Dec 2023 01:16:45.194 * Server initialized
51940:M 17 Dec 2023 01:16:45.195 * Loading RDB produced by version 7.2.3
51940:M 17 Dec 2023 01:16:45.195 * RDB age 472206 seconds
51940:M 17 Dec 2023 01:16:45.195 * RDB memory usage when created 1.19 Mb
51940:M 17 Dec 2023 01:16:45.195 * Done loading RDB, keys loaded: 2, keys expired: 0.
51940:M 17 Dec 2023 01:16:45.195 * DB loaded from disk: 0.001 seconds
51940:M 17 Dec 2023 01:16:45.195 * Ready to accept connections tcp
51940:M 17 Dec 2023 01:41:20.858 * 100 changes in 300 seconds. Saving...
51940:M 17 Dec 2023 01:41:20.860 * Background saving started by pid 53390
53390:C 17 Dec 2023 01:41:20.883 * DB saved on disk
53390:C 17 Dec 2023 01:41:20.885 * Fork CoW for RDB: current 0 MB, peak 0 MB, average 0 MB
51940:M 17 Dec 2023 01:41:20.960 * Background saving terminated with success
51940:M 17 Dec 2023 02:06:20.922 * 100 changes in 300 seconds. Saving...
51940:M 17 Dec 2023 02:06:20.922 * Background saving started by pid 54339
54339:C 17 Dec 2023 02:06:20.959 * DB saved on disk
54339:C 17 Dec 2023 02:06:20.960 * Fork CoW for RDB: current 0 MB, peak 0 MB, average 0 MB
51940:M 17 Dec 2023 02:06:21.023 * Background saving terminated with success
51940:M 17 Dec 2023 02:39:07.446 * 100 changes in 300 seconds. Saving...
51940:M 17 Dec 2023 02:39:07.446 * Background saving started by pid 55759
55759:C 17 Dec 2023 02:39:07.469 * DB saved on disk
55759:C 17 Dec 2023 02:39:07.469 * Fork CoW for RDB: current 0 MB, peak 0 MB, average 0 MB
51940:M 17 Dec 2023 02:39:07.547 * Background saving terminated with success
58965:C 17 Dec 2023 15:53:52.281 * oO0OoO0OoO0Oo Redis is starting oO0OoO0OoO0Oo
58965:C 17 Dec 2023 15:53:52.281 * Redis version=7.2.3, bits=64, commit=00000000, modified=0, pid=58965, just started
58965:C 17 Dec 2023 15:53:52.281 * Configuration loaded
58965:M 17 Dec 2023 15:53:52.285 * Increased maximum number of open files to 10032 (it was originally set to 8192).
58965:M 17 Dec 2023 15:53:52.285 * monotonic clock: POSIX clock_gettime
58965:M 17 Dec 2023 15:53:52.285 * Running mode=standalone, port=10004.
58965:M 17 Dec 2023 15:53:52.285 # WARNING: The TCP backlog setting of 511 cannot be enforced because kern.ipc.somaxconn is set to the lower value of 128.
58965:M 17 Dec 2023 15:53:52.286 * Server initialized
58965:M 17 Dec 2023 15:53:52.287 * Loading RDB produced by version 7.2.3
58965:M 17 Dec 2023 15:53:52.287 * RDB age 47685 seconds
58965:M 17 Dec 2023 15:53:52.287 * RDB memory usage when created 1.17 Mb
58965:M 17 Dec 2023 15:53:52.287 * Done loading RDB, keys loaded: 2, keys expired: 0.
58965:M 17 Dec 2023 15:53:52.287 * DB loaded from disk: 0.001 seconds
58965:M 17 Dec 2023 15:53:52.287 * Ready to accept connections tcp
58965:M 17 Dec 2023 16:18:28.221 * 100 changes in 300 seconds. Saving...
58965:M 17 Dec 2023 16:18:28.222 * Background saving started by pid 60111
60111:C 17 Dec 2023 16:18:28.247 * DB saved on disk
60111:C 17 Dec 2023 16:18:28.248 * Fork CoW for RDB: current 0 MB, peak 0 MB, average 0 MB
58965:M 17 Dec 2023 16:18:28.323 * Background saving terminated with success
5559:C 04 Jan 2024 00:52:08.188 * oO0OoO0OoO0Oo Redis is starting oO0OoO0OoO0Oo
5559:C 04 Jan 2024 00:52:08.188 * Redis version=7.2.3, bits=64, commit=00000000, modified=0, pid=5559, just started
5559:C 04 Jan 2024 00:52:08.188 * Configuration loaded
5559:M 04 Jan 2024 00:52:08.190 * Increased maximum number of open files to 10032 (it was originally set to 256).
5559:M 04 Jan 2024 00:52:08.190 * monotonic clock: POSIX clock_gettime
5559:M 04 Jan 2024 00:52:08.191 * Running mode=standalone, port=10004.
5559:M 04 Jan 2024 00:52:08.191 # WARNING: The TCP backlog setting of 511 cannot be enforced because kern.ipc.somaxconn is set to the lower value of 128.
5559:M 04 Jan 2024 00:52:08.191 * Server initialized
5559:M 04 Jan 2024 00:52:08.194 * Loading RDB produced by version 7.2.3
5559:M 04 Jan 2024 00:52:08.194 * RDB age 1499620 seconds
5559:M 04 Jan 2024 00:52:08.194 * RDB memory usage when created 1.17 Mb
5559:M 04 Jan 2024 00:52:08.194 * Done loading RDB, keys loaded: 2, keys expired: 0.
5559:M 04 Jan 2024 00:52:08.194 * DB loaded from disk: 0.003 seconds
5559:M 04 Jan 2024 00:52:08.194 * Ready to accept connections tcp
5559:M 04 Jan 2024 01:16:44.669 * 100 changes in 300 seconds. Saving...
5559:M 04 Jan 2024 01:16:44.675 * Background saving started by pid 6379
6379:C 04 Jan 2024 01:16:44.701 * DB saved on disk
6379:C 04 Jan 2024 01:16:44.702 * Fork CoW for RDB: current 0 MB, peak 0 MB, average 0 MB
5559:M 04 Jan 2024 01:16:44.776 * Background saving terminated with success
5559:M 04 Jan 2024 01:41:44.710 * 100 changes in 300 seconds. Saving...
5559:M 04 Jan 2024 01:41:44.713 * Background saving started by pid 7552
7552:C 04 Jan 2024 01:41:44.743 * DB saved on disk
7552:C 04 Jan 2024 01:41:44.744 * Fork CoW for RDB: current 0 MB, peak 0 MB, average 0 MB
5559:M 04 Jan 2024 01:41:44.814 * Background saving terminated with success
5559:M 04 Jan 2024 02:06:44.682 * 100 changes in 300 seconds. Saving...
5559:M 04 Jan 2024 02:06:44.684 * Background saving started by pid 8459
8459:C 04 Jan 2024 02:06:44.708 * DB saved on disk
8459:C 04 Jan 2024 02:06:44.712 * Fork CoW for RDB: current 0 MB, peak 0 MB, average 0 MB
5559:M 04 Jan 2024 02:06:44.785 * Background saving terminated with success
5559:M 04 Jan 2024 02:31:44.665 * 100 changes in 300 seconds. Saving...
5559:M 04 Jan 2024 02:31:44.667 * Background saving started by pid 8847
8847:C 04 Jan 2024 02:31:44.693 * DB saved on disk
8847:C 04 Jan 2024 02:31:44.696 * Fork CoW for RDB: current 0 MB, peak 0 MB, average 0 MB
5559:M 04 Jan 2024 02:31:44.769 * Background saving terminated with success
5559:M 04 Jan 2024 02:56:44.704 * 100 changes in 300 seconds. Saving...
5559:M 04 Jan 2024 02:56:44.705 * Background saving started by pid 9583
9583:C 04 Jan 2024 02:56:44.732 * DB saved on disk
9583:C 04 Jan 2024 02:56:44.734 * Fork CoW for RDB: current 0 MB, peak 0 MB, average 0 MB
5559:M 04 Jan 2024 02:56:44.806 * Background saving terminated with success
5559:M 04 Jan 2024 03:21:44.663 * 100 changes in 300 seconds. Saving...
5559:M 04 Jan 2024 03:21:44.663 * Background saving started by pid 10096
10096:C 04 Jan 2024 03:21:44.688 * DB saved on disk
10096:C 04 Jan 2024 03:21:44.690 * Fork CoW for RDB: current 0 MB, peak 0 MB, average 0 MB
5559:M 04 Jan 2024 03:21:44.764 * Background saving terminated with success
5559:M 04 Jan 2024 03:46:44.639 * 100 changes in 300 seconds. Saving...
5559:M 04 Jan 2024 03:46:44.640 * Background saving started by pid 10632
10632:C 04 Jan 2024 03:46:44.671 * DB saved on disk
10632:C 04 Jan 2024 03:46:44.672 * Fork CoW for RDB: current 0 MB, peak 0 MB, average 0 MB
5559:M 04 Jan 2024 03:46:44.741 * Background saving terminated with success
5559:M 04 Jan 2024 04:11:44.720 * 100 changes in 300 seconds. Saving...
5559:M 04 Jan 2024 04:11:44.721 * Background saving started by pid 11034
11034:C 04 Jan 2024 04:11:44.750 * DB saved on disk
11034:C 04 Jan 2024 04:11:44.752 * Fork CoW for RDB: current 0 MB, peak 0 MB, average 0 MB
5559:M 04 Jan 2024 04:11:44.822 * Background saving terminated with success
